<?xml version="1.0" encoding="UTF-8"?>
<testng-results ignored="0" total="1" passed="1" failed="0" skipped="0">
  <reporter-output>
  </reporter-output>
  <suite started-at="2024-11-24T14:43:08 PST" name="Default suite" finished-at="2024-11-24T14:43:08 PST" duration-ms="61">
    <groups>
    </groups>
    <test started-at="2024-11-24T14:43:08 PST" name="Default test" finished-at="2024-11-24T14:43:08 PST" duration-ms="61">
      <class name="snippet.ChildClass">
        <test-method is-config="true" signature="beforeRun()[pri:0, instance:snippet.ChildClass@3d74bf60]" started-at="2024-11-24T14:43:08 PST" name="beforeRun" finished-at="2024-11-24T14:43:08 PST" duration-ms="11" status="PASS">
          <reporter-output>
          </reporter-output>
        </test-method> <!-- beforeRun -->
        <test-method signature="testRun()[pri:0, instance:snippet.ChildClass@3d74bf60]" started-at="2024-11-24T14:43:08 PST" name="testRun" finished-at="2024-11-24T14:43:08 PST" duration-ms="6" status="PASS">
          <reporter-output>
          </reporter-output>
        </test-method> <!-- testRun -->
        <test-method is-config="true" signature="afterRun()[pri:0, instance:snippet.ChildClass@3d74bf60]" started-at="2024-11-24T14:43:08 PST" name="afterRun" finished-at="2024-11-24T14:43:08 PST" duration-ms="1" status="PASS">
          <reporter-output>
          </reporter-output>
        </test-method> <!-- afterRun -->
      </class> <!-- snippet.ChildClass -->
    </test> <!-- Default test -->
  </suite> <!-- Default suite -->
</testng-results>
